{"/Users/begomarcus/Workspace/challanges/lifi/li-fi-fee-collector/src/app.ts": {"path":"/Users/begomarcus/Workspace/challanges/lifi/li-fi-fee-collector/src/app.ts","statementMap":{"0":{"start":{"line":1,"column":0},"end":{"line":1,"column":30}},"1":{"start":{"line":2,"column":0},"end":{"line":2,"column":37}},"2":{"start":{"line":3,"column":0},"end":{"line":3,"column":32}},"3":{"start":{"line":4,"column":0},"end":{"line":4,"column":58}},"4":{"start":{"line":6,"column":12},"end":{"line":6,"column":21}},"5":{"start":{"line":8,"column":0},"end":{"line":8,"column":27}},"6":{"start":{"line":9,"column":0},"end":{"line":9,"column":25}},"7":{"start":{"line":11,"column":0},"end":{"line":13,"column":3}},"8":{"start":{"line":12,"column":2},"end":{"line":12,"column":28}},"9":{"start":{"line":15,"column":0},"end":{"line":15,"column":29}},"10":{"start":{"line":17,"column":0},"end":{"line":17,"column":19}}},"fnMap":{"0":{"name":"(anonymous_1)","decl":{"start":{"line":11,"column":13},"end":{"line":11,"column":14}},"loc":{"start":{"line":11,"column":26},"end":{"line":13,"column":1}}}},"branchMap":{},"s":{"0":1,"1":1,"2":1,"3":1,"4":1,"5":1,"6":1,"7":1,"8":1,"9":1,"10":1},"f":{"0":1},"b":{}}
,"/Users/begomarcus/Workspace/challanges/lifi/li-fi-fee-collector/src/blockchain/blockchain.facade.ts": {"path":"/Users/begomarcus/Workspace/challanges/lifi/li-fi-fee-collector/src/blockchain/blockchain.facade.ts","statementMap":{"0":{"start":{"line":2,"column":0},"end":{"line":2,"column":31}},"1":{"start":{"line":3,"column":0},"end":{"line":3,"column":45}},"2":{"start":{"line":4,"column":0},"end":{"line":4,"column":71}},"3":{"start":{"line":5,"column":0},"end":{"line":5,"column":62}},"4":{"start":{"line":12,"column":4},"end":{"line":12,"column":47}},"5":{"start":{"line":13,"column":4},"end":{"line":13,"column":94}},"6":{"start":{"line":17,"column":19},"end":{"line":17,"column":60}},"7":{"start":{"line":18,"column":4},"end":{"line":18,"column":75}},"8":{"start":{"line":22,"column":4},"end":{"line":22,"column":43}},"9":{"start":{"line":26,"column":0},"end":{"line":26,"column":38}}},"fnMap":{"0":{"name":"(anonymous_1)","decl":{"start":{"line":11,"column":2},"end":{"line":11,"column":null}},"loc":{"start":{"line":11,"column":2},"end":{"line":14,"column":3}}},"1":{"name":"(anonymous_2)","decl":{"start":{"line":16,"column":2},"end":{"line":16,"column":7}},"loc":{"start":{"line":16,"column":53},"end":{"line":19,"column":3}}},"2":{"name":"(anonymous_3)","decl":{"start":{"line":21,"column":2},"end":{"line":21,"column":12}},"loc":{"start":{"line":21,"column":32},"end":{"line":23,"column":3}}}},"branchMap":{},"s":{"0":1,"1":1,"2":1,"3":1,"4":1,"5":1,"6":1,"7":1,"8":0,"9":1},"f":{"0":1,"1":1,"2":0},"b":{}}
,"/Users/begomarcus/Workspace/challanges/lifi/li-fi-fee-collector/src/config/index.ts": {"path":"/Users/begomarcus/Workspace/challanges/lifi/li-fi-fee-collector/src/config/index.ts","statementMap":{"0":{"start":{"line":1,"column":0},"end":{"line":1,"column":33}},"1":{"start":{"line":3,"column":0},"end":{"line":3,"column":16}},"2":{"start":{"line":5,"column":0},"end":{"line":13,"column":2}}},"fnMap":{},"branchMap":{"0":{"loc":{"start":{"line":6,"column":8},"end":{"line":6,"column":32}},"type":"binary-expr","locations":[{"start":{"line":6,"column":8},"end":{"line":6,"column":24}},{"start":{"line":6,"column":28},"end":{"line":6,"column":32}}]},"1":{"loc":{"start":{"line":7,"column":13},"end":{"line":7,"column":67}},"type":"binary-expr","locations":[{"start":{"line":7,"column":13},"end":{"line":7,"column":34}},{"start":{"line":7,"column":38},"end":{"line":7,"column":67}}]},"2":{"loc":{"start":{"line":8,"column":15},"end":{"line":8,"column":67}},"type":"binary-expr","locations":[{"start":{"line":8,"column":15},"end":{"line":8,"column":38}},{"start":{"line":8,"column":42},"end":{"line":8,"column":67}}]},"3":{"loc":{"start":{"line":9,"column":20},"end":{"line":9,"column":96}},"type":"binary-expr","locations":[{"start":{"line":9,"column":20},"end":{"line":9,"column":48}},{"start":{"line":9,"column":52},"end":{"line":9,"column":96}}]},"4":{"loc":{"start":{"line":10,"column":26},"end":{"line":10,"column":62}},"type":"binary-expr","locations":[{"start":{"line":10,"column":26},"end":{"line":10,"column":51}},{"start":{"line":10,"column":55},"end":{"line":10,"column":62}}]},"5":{"loc":{"start":{"line":11,"column":29},"end":{"line":11,"column":66}},"type":"binary-expr","locations":[{"start":{"line":11,"column":29},"end":{"line":11,"column":57}},{"start":{"line":11,"column":61},"end":{"line":11,"column":66}}]},"6":{"loc":{"start":{"line":12,"column":26},"end":{"line":12,"column":65}},"type":"binary-expr","locations":[{"start":{"line":12,"column":26},"end":{"line":12,"column":51}},{"start":{"line":12,"column":55},"end":{"line":12,"column":65}}]}},"s":{"0":5,"1":5,"2":5},"f":{},"b":{"0":[5,0],"1":[5,0],"2":[5,0],"3":[5,0],"4":[5,0],"5":[5,0],"6":[5,0]}}
,"/Users/begomarcus/Workspace/challanges/lifi/li-fi-fee-collector/src/contracts/fee.collector.factory.ts": {"path":"/Users/begomarcus/Workspace/challanges/lifi/li-fi-fee-collector/src/contracts/fee.collector.factory.ts","statementMap":{"0":{"start":{"line":1,"column":0},"end":{"line":1,"column":62}},"1":{"start":{"line":3,"column":0},"end":{"line":3,"column":37}}},"fnMap":{},"branchMap":{},"s":{"0":1,"1":1},"f":{},"b":{}}
,"/Users/begomarcus/Workspace/challanges/lifi/li-fi-fee-collector/src/database/mongo.adapter.ts": {"path":"/Users/begomarcus/Workspace/challanges/lifi/li-fi-fee-collector/src/database/mongo.adapter.ts","statementMap":{"0":{"start":{"line":1,"column":0},"end":{"line":1,"column":32}},"1":{"start":{"line":2,"column":0},"end":{"line":2,"column":31}},"2":{"start":{"line":3,"column":0},"end":{"line":3,"column":55}},"3":{"start":{"line":4,"column":0},"end":{"line":4,"column":60}},"4":{"start":{"line":8,"column":10},"end":{"line":8,"column":37}},"5":{"start":{"line":13,"column":4},"end":{"line":15,"column":5}},"6":{"start":{"line":14,"column":6},"end":{"line":14,"column":53}},"7":{"start":{"line":16,"column":4},"end":{"line":16,"column":35}},"8":{"start":{"line":20,"column":4},"end":{"line":27,"column":5}},"9":{"start":{"line":21,"column":6},"end":{"line":21,"column":34}},"10":{"start":{"line":22,"column":6},"end":{"line":22,"column":28}},"11":{"start":{"line":23,"column":6},"end":{"line":23,"column":42}},"12":{"start":{"line":24,"column":6},"end":{"line":24,"column":39}},"13":{"start":{"line":26,"column":6},"end":{"line":26,"column":56}},"14":{"start":{"line":31,"column":4},"end":{"line":34,"column":5}},"15":{"start":{"line":32,"column":6},"end":{"line":32,"column":34}},"16":{"start":{"line":33,"column":6},"end":{"line":33,"column":29}},"17":{"start":{"line":38,"column":4},"end":{"line":38,"column":26}},"18":{"start":{"line":6,"column":0},"end":{"line":6,"column":13}}},"fnMap":{"0":{"name":"(anonymous_1)","decl":{"start":{"line":10,"column":2},"end":{"line":10,"column":26}},"loc":{"start":{"line":10,"column":2},"end":{"line":10,"column":27}}},"1":{"name":"(anonymous_2)","decl":{"start":{"line":12,"column":9},"end":{"line":12,"column":15}},"loc":{"start":{"line":12,"column":27},"end":{"line":17,"column":3}}},"2":{"name":"(anonymous_3)","decl":{"start":{"line":19,"column":9},"end":{"line":19,"column":14}},"loc":{"start":{"line":19,"column":53},"end":{"line":28,"column":3}}},"3":{"name":"(anonymous_4)","decl":{"start":{"line":30,"column":9},"end":{"line":30,"column":14}},"loc":{"start":{"line":30,"column":25},"end":{"line":35,"column":3}}},"4":{"name":"(anonymous_5)","decl":{"start":{"line":37,"column":9},"end":{"line":37,"column":20}},"loc":{"start":{"line":37,"column":20},"end":{"line":39,"column":3}}}},"branchMap":{"0":{"loc":{"start":{"line":13,"column":4},"end":{"line":15,"column":5}},"type":"if","locations":[{"start":{"line":13,"column":4},"end":{"line":15,"column":5}}]},"1":{"loc":{"start":{"line":19,"column":23},"end":{"line":19,"column":53}},"type":"default-arg","locations":[{"start":{"line":19,"column":37},"end":{"line":19,"column":53}}]},"2":{"loc":{"start":{"line":31,"column":4},"end":{"line":34,"column":5}},"type":"if","locations":[{"start":{"line":31,"column":4},"end":{"line":34,"column":5}}]}},"s":{"0":1,"1":1,"2":1,"3":1,"4":1,"5":2,"6":1,"7":2,"8":1,"9":1,"10":1,"11":1,"12":1,"13":0,"14":1,"15":1,"16":1,"17":1,"18":1},"f":{"0":1,"1":2,"2":1,"3":1,"4":1},"b":{"0":[1],"1":[0],"2":[1]}}
,"/Users/begomarcus/Workspace/challanges/lifi/li-fi-fee-collector/src/modules/index.ts": {"path":"/Users/begomarcus/Workspace/challanges/lifi/li-fi-fee-collector/src/modules/index.ts","statementMap":{"0":{"start":{"line":1,"column":0},"end":{"line":1,"column":30}},"1":{"start":{"line":2,"column":0},"end":{"line":2,"column":32}},"2":{"start":{"line":4,"column":15},"end":{"line":4,"column":31}},"3":{"start":{"line":6,"column":0},"end":{"line":6,"column":32}},"4":{"start":{"line":8,"column":0},"end":{"line":8,"column":22}}},"fnMap":{},"branchMap":{},"s":{"0":1,"1":1,"2":1,"3":1,"4":1},"f":{},"b":{}}
,"/Users/begomarcus/Workspace/challanges/lifi/li-fi-fee-collector/src/modules/blocks/blocks.model.ts": {"path":"/Users/begomarcus/Workspace/challanges/lifi/li-fi-fee-collector/src/modules/blocks/blocks.model.ts","statementMap":{"0":{"start":{"line":1,"column":0},"end":{"line":1,"column":62}},"1":{"start":{"line":5,"column":2},"end":{"line":5,"column":null}},"2":{"start":{"line":8,"column":2},"end":{"line":8,"column":null}},"3":{"start":{"line":11,"column":19},"end":{"line":11,"column":42}},"4":{"start":{"line":12,"column":9},"end":{"line":12,"column":19}}},"fnMap":{},"branchMap":{},"s":{"0":2,"1":2,"2":2,"3":2,"4":2},"f":{},"b":{}}
,"/Users/begomarcus/Workspace/challanges/lifi/li-fi-fee-collector/src/modules/blocks/blocks.repository.ts": {"path":"/Users/begomarcus/Workspace/challanges/lifi/li-fi-fee-collector/src/modules/blocks/blocks.repository.ts","statementMap":{"0":{"start":{"line":1,"column":0},"end":{"line":1,"column":44}},"1":{"start":{"line":3,"column":37},"end":{"line":6,"column":1}},"2":{"start":{"line":4,"column":16},"end":{"line":4,"column":63}},"3":{"start":{"line":5,"column":2},"end":{"line":5,"column":37}},"4":{"start":{"line":3,"column":13},"end":{"line":3,"column":37}},"5":{"start":{"line":8,"column":35},"end":{"line":14,"column":1}},"6":{"start":{"line":9,"column":2},"end":{"line":13,"column":4}},"7":{"start":{"line":8,"column":13},"end":{"line":8,"column":35}}},"fnMap":{"0":{"name":"(anonymous_0)","decl":{"start":{"line":3,"column":37},"end":{"line":3,"column":42}},"loc":{"start":{"line":3,"column":72},"end":{"line":6,"column":1}}},"1":{"name":"(anonymous_1)","decl":{"start":{"line":8,"column":35},"end":{"line":8,"column":40}},"loc":{"start":{"line":8,"column":100},"end":{"line":14,"column":1}}}},"branchMap":{"0":{"loc":{"start":{"line":5,"column":9},"end":{"line":5,"column":36}},"type":"cond-expr","locations":[{"start":{"line":5,"column":17},"end":{"line":5,"column":29}},{"start":{"line":5,"column":32},"end":{"line":5,"column":36}}]}},"s":{"0":2,"1":2,"2":0,"3":0,"4":2,"5":2,"6":101,"7":2},"f":{"0":0,"1":101},"b":{"0":[0,0]}}
,"/Users/begomarcus/Workspace/challanges/lifi/li-fi-fee-collector/src/modules/fees/fees.controller.ts": {"path":"/Users/begomarcus/Workspace/challanges/lifi/li-fi-fee-collector/src/modules/fees/fees.controller.ts","statementMap":{"0":{"start":{"line":2,"column":0},"end":{"line":2,"column":85}},"1":{"start":{"line":4,"column":27},"end":{"line":12,"column":1}},"2":{"start":{"line":5,"column":33},"end":{"line":5,"column":41}},"3":{"start":{"line":6,"column":2},"end":{"line":11,"column":3}},"4":{"start":{"line":7,"column":4},"end":{"line":7,"column":53}},"5":{"start":{"line":8,"column":4},"end":{"line":8,"column":67}},"6":{"start":{"line":10,"column":4},"end":{"line":10,"column":51}},"7":{"start":{"line":4,"column":13},"end":{"line":4,"column":27}},"8":{"start":{"line":14,"column":25},"end":{"line":23,"column":1}},"9":{"start":{"line":15,"column":25},"end":{"line":15,"column":35}},"10":{"start":{"line":16,"column":35},"end":{"line":16,"column":44}},"11":{"start":{"line":17,"column":2},"end":{"line":22,"column":3}},"12":{"start":{"line":18,"column":19},"end":{"line":18,"column":125}},"13":{"start":{"line":19,"column":4},"end":{"line":19,"column":33}},"14":{"start":{"line":21,"column":4},"end":{"line":21,"column":51}},"15":{"start":{"line":14,"column":13},"end":{"line":14,"column":25}}},"fnMap":{"0":{"name":"(anonymous_0)","decl":{"start":{"line":4,"column":27},"end":{"line":4,"column":32}},"loc":{"start":{"line":4,"column":65},"end":{"line":12,"column":1}}},"1":{"name":"(anonymous_1)","decl":{"start":{"line":14,"column":25},"end":{"line":14,"column":30}},"loc":{"start":{"line":14,"column":63},"end":{"line":23,"column":1}}}},"branchMap":{"0":{"loc":{"start":{"line":16,"column":10},"end":{"line":16,"column":18}},"type":"default-arg","locations":[{"start":{"line":16,"column":17},"end":{"line":16,"column":18}}]},"1":{"loc":{"start":{"line":16,"column":20},"end":{"line":16,"column":30}},"type":"default-arg","locations":[{"start":{"line":16,"column":28},"end":{"line":16,"column":30}}]}},"s":{"0":1,"1":1,"2":0,"3":0,"4":0,"5":0,"6":0,"7":1,"8":1,"9":0,"10":0,"11":0,"12":0,"13":0,"14":0,"15":1},"f":{"0":0,"1":0},"b":{"0":[0],"1":[0]}}
,"/Users/begomarcus/Workspace/challanges/lifi/li-fi-fee-collector/src/modules/fees/fees.database.facade.ts": {"path":"/Users/begomarcus/Workspace/challanges/lifi/li-fi-fee-collector/src/modules/fees/fees.database.facade.ts","statementMap":{"0":{"start":{"line":1,"column":0},"end":{"line":1,"column":41}},"1":{"start":{"line":6,"column":4},"end":{"line":11,"column":9}},"2":{"start":{"line":6,"column":56},"end":{"line":11,"column":6}},"3":{"start":{"line":15,"column":4},"end":{"line":15,"column":52}},"4":{"start":{"line":19,"column":0},"end":{"line":19,"column":36}}},"fnMap":{"0":{"name":"(anonymous_1)","decl":{"start":{"line":5,"column":2},"end":{"line":5,"column":7}},"loc":{"start":{"line":5,"column":53},"end":{"line":12,"column":3}}},"1":{"name":"(anonymous_2)","decl":{"start":{"line":6,"column":46},"end":{"line":6,"column":51}},"loc":{"start":{"line":6,"column":56},"end":{"line":11,"column":6}}},"2":{"name":"(anonymous_3)","decl":{"start":{"line":14,"column":2},"end":{"line":14,"column":7}},"loc":{"start":{"line":14,"column":48},"end":{"line":16,"column":3}}}},"branchMap":{},"s":{"0":1,"1":1,"2":1,"3":1,"4":1},"f":{"0":1,"1":1,"2":1},"b":{}}
,"/Users/begomarcus/Workspace/challanges/lifi/li-fi-fee-collector/src/modules/fees/fees.event.factory.ts": {"path":"/Users/begomarcus/Workspace/challanges/lifi/li-fi-fee-collector/src/modules/fees/fees.event.factory.ts","statementMap":{"0":{"start":{"line":1,"column":0},"end":{"line":1,"column":32}},"1":{"start":{"line":6,"column":4},"end":{"line":8,"column":5}},"2":{"start":{"line":7,"column":6},"end":{"line":7,"column":44}},"3":{"start":{"line":10,"column":56},"end":{"line":10,"column":66}},"4":{"start":{"line":12,"column":4},"end":{"line":14,"column":5}},"5":{"start":{"line":13,"column":6},"end":{"line":13,"column":49}},"6":{"start":{"line":16,"column":4},"end":{"line":21,"column":6}},"7":{"start":{"line":25,"column":0},"end":{"line":25,"column":28}}},"fnMap":{"0":{"name":"(anonymous_0)","decl":{"start":{"line":5,"column":2},"end":{"line":5,"column":8}},"loc":{"start":{"line":5,"column":40},"end":{"line":22,"column":3}}}},"branchMap":{"0":{"loc":{"start":{"line":6,"column":4},"end":{"line":8,"column":5}},"type":"if","locations":[{"start":{"line":6,"column":4},"end":{"line":8,"column":5}}]},"1":{"loc":{"start":{"line":6,"column":8},"end":{"line":6,"column":44}},"type":"binary-expr","locations":[{"start":{"line":6,"column":8},"end":{"line":6,"column":19}},{"start":{"line":6,"column":23},"end":{"line":6,"column":44}}]},"2":{"loc":{"start":{"line":12,"column":4},"end":{"line":14,"column":5}},"type":"if","locations":[{"start":{"line":12,"column":4},"end":{"line":14,"column":5}}]},"3":{"loc":{"start":{"line":12,"column":8},"end":{"line":12,"column":67}},"type":"binary-expr","locations":[{"start":{"line":12,"column":8},"end":{"line":12,"column":33}},{"start":{"line":12,"column":37},"end":{"line":12,"column":67}}]}},"s":{"0":2,"1":6,"2":2,"3":4,"4":4,"5":2,"6":2,"7":2},"f":{"0":6},"b":{"0":[2],"1":[6,5],"2":[2],"3":[4,3]}}
,"/Users/begomarcus/Workspace/challanges/lifi/li-fi-fee-collector/src/modules/fees/fees.events.ts": {"path":"/Users/begomarcus/Workspace/challanges/lifi/li-fi-fee-collector/src/modules/fees/fees.events.ts","statementMap":{"0":{"start":{"line":1,"column":0},"end":{"line":1,"column":32}},"1":{"start":{"line":2,"column":0},"end":{"line":2,"column":34}},"2":{"start":{"line":3,"column":0},"end":{"line":3,"column":62}},"3":{"start":{"line":6,"column":38},"end":{"line":11,"column":1}},"4":{"start":{"line":7,"column":19},"end":{"line":7,"column":75}},"5":{"start":{"line":8,"column":23},"end":{"line":8,"column":87}},"6":{"start":{"line":9,"column":17},"end":{"line":9,"column":53}},"7":{"start":{"line":10,"column":2},"end":{"line":10,"column":68}},"8":{"start":{"line":6,"column":13},"end":{"line":6,"column":38}},"9":{"start":{"line":13,"column":39},"end":{"line":32,"column":1}},"10":{"start":{"line":14,"column":2},"end":{"line":31,"column":5}},"11":{"start":{"line":15,"column":4},"end":{"line":17,"column":5}},"12":{"start":{"line":16,"column":6},"end":{"line":16,"column":70}},"13":{"start":{"line":19,"column":56},"end":{"line":19,"column":66}},"14":{"start":{"line":21,"column":4},"end":{"line":23,"column":5}},"15":{"start":{"line":22,"column":6},"end":{"line":22,"column":80}},"16":{"start":{"line":25,"column":4},"end":{"line":30,"column":6}},"17":{"start":{"line":13,"column":13},"end":{"line":13,"column":39}}},"fnMap":{"0":{"name":"(anonymous_1)","decl":{"start":{"line":6,"column":38},"end":{"line":6,"column":43}},"loc":{"start":{"line":6,"column":146},"end":{"line":11,"column":1}}},"1":{"name":"(anonymous_2)","decl":{"start":{"line":13,"column":39},"end":{"line":13,"column":40}},"loc":{"start":{"line":13,"column":94},"end":{"line":32,"column":1}}},"2":{"name":"(anonymous_3)","decl":{"start":{"line":14,"column":20},"end":{"line":14,"column":25}},"loc":{"start":{"line":14,"column":28},"end":{"line":31,"column":3}}}},"branchMap":{"0":{"loc":{"start":{"line":15,"column":4},"end":{"line":17,"column":5}},"type":"if","locations":[{"start":{"line":15,"column":4},"end":{"line":17,"column":5}}]},"1":{"loc":{"start":{"line":15,"column":8},"end":{"line":15,"column":44}},"type":"binary-expr","locations":[{"start":{"line":15,"column":8},"end":{"line":15,"column":19}},{"start":{"line":15,"column":23},"end":{"line":15,"column":44}}]},"2":{"loc":{"start":{"line":21,"column":4},"end":{"line":23,"column":5}},"type":"if","locations":[{"start":{"line":21,"column":4},"end":{"line":23,"column":5}}]},"3":{"loc":{"start":{"line":21,"column":8},"end":{"line":21,"column":67}},"type":"binary-expr","locations":[{"start":{"line":21,"column":8},"end":{"line":21,"column":33}},{"start":{"line":21,"column":37},"end":{"line":21,"column":67}}]}},"s":{"0":3,"1":3,"2":3,"3":3,"4":0,"5":0,"6":0,"7":0,"8":3,"9":3,"10":1,"11":1,"12":0,"13":1,"14":1,"15":0,"16":1,"17":3},"f":{"0":0,"1":1,"2":1},"b":{"0":[0],"1":[1,1],"2":[0],"3":[1,1]}}
,"/Users/begomarcus/Workspace/challanges/lifi/li-fi-fee-collector/src/modules/fees/fees.model.ts": {"path":"/Users/begomarcus/Workspace/challanges/lifi/li-fi-fee-collector/src/modules/fees/fees.model.ts","statementMap":{"0":{"start":{"line":1,"column":0},"end":{"line":1,"column":62}},"1":{"start":{"line":5,"column":2},"end":{"line":5,"column":null}},"2":{"start":{"line":8,"column":2},"end":{"line":8,"column":null}},"3":{"start":{"line":11,"column":2},"end":{"line":11,"column":null}},"4":{"start":{"line":14,"column":2},"end":{"line":14,"column":null}},"5":{"start":{"line":17,"column":22},"end":{"line":17,"column":48}},"6":{"start":{"line":18,"column":0},"end":{"line":18,"column":29}}},"fnMap":{},"branchMap":{},"s":{"0":5,"1":5,"2":5,"3":5,"4":5,"5":5,"6":5},"f":{},"b":{}}
,"/Users/begomarcus/Workspace/challanges/lifi/li-fi-fee-collector/src/modules/fees/fees.repository.ts": {"path":"/Users/begomarcus/Workspace/challanges/lifi/li-fi-fee-collector/src/modules/fees/fees.repository.ts","statementMap":{"0":{"start":{"line":1,"column":0},"end":{"line":1,"column":41}},"1":{"start":{"line":3,"column":0},"end":{"line":3,"column":35}},"2":{"start":{"line":5,"column":29},"end":{"line":12,"column":1}},"3":{"start":{"line":6,"column":2},"end":{"line":11,"column":7}},"4":{"start":{"line":6,"column":54},"end":{"line":11,"column":4}},"5":{"start":{"line":5,"column":13},"end":{"line":5,"column":29}},"6":{"start":{"line":14,"column":40},"end":{"line":28,"column":1}},"7":{"start":{"line":19,"column":15},"end":{"line":19,"column":33}},"8":{"start":{"line":20,"column":17},"end":{"line":20,"column":88}},"9":{"start":{"line":22,"column":2},"end":{"line":27,"column":6}},"10":{"start":{"line":22,"column":30},"end":{"line":27,"column":4}},"11":{"start":{"line":14,"column":13},"end":{"line":14,"column":40}}},"fnMap":{"0":{"name":"(anonymous_1)","decl":{"start":{"line":5,"column":29},"end":{"line":5,"column":34}},"loc":{"start":{"line":5,"column":89},"end":{"line":12,"column":1}}},"1":{"name":"(anonymous_2)","decl":{"start":{"line":6,"column":44},"end":{"line":6,"column":49}},"loc":{"start":{"line":6,"column":54},"end":{"line":11,"column":4}}},"2":{"name":"(anonymous_3)","decl":{"start":{"line":14,"column":40},"end":{"line":14,"column":45}},"loc":{"start":{"line":18,"column":41},"end":{"line":28,"column":1}}},"3":{"name":"(anonymous_4)","decl":{"start":{"line":22,"column":20},"end":{"line":22,"column":25}},"loc":{"start":{"line":22,"column":30},"end":{"line":27,"column":4}}}},"branchMap":{},"s":{"0":3,"1":3,"2":3,"3":1,"4":1,"5":3,"6":3,"7":2,"8":2,"9":2,"10":2,"11":3},"f":{"0":1,"1":1,"2":2,"3":2},"b":{}}
,"/Users/begomarcus/Workspace/challanges/lifi/li-fi-fee-collector/src/modules/fees/fees.service.ts": {"path":"/Users/begomarcus/Workspace/challanges/lifi/li-fi-fee-collector/src/modules/fees/fees.service.ts","statementMap":{"0":{"start":{"line":1,"column":0},"end":{"line":1,"column":32}},"1":{"start":{"line":2,"column":0},"end":{"line":2,"column":34}},"2":{"start":{"line":3,"column":0},"end":{"line":3,"column":80}},"3":{"start":{"line":4,"column":0},"end":{"line":4,"column":76}},"4":{"start":{"line":5,"column":0},"end":{"line":5,"column":89}},"5":{"start":{"line":8,"column":38},"end":{"line":26,"column":1}},"6":{"start":{"line":9,"column":2},"end":{"line":25,"column":3}},"7":{"start":{"line":10,"column":27},"end":{"line":10,"column":36}},"8":{"start":{"line":11,"column":4},"end":{"line":21,"column":5}},"9":{"start":{"line":12,"column":29},"end":{"line":12,"column":94}},"10":{"start":{"line":13,"column":21},"end":{"line":13,"column":83}},"11":{"start":{"line":14,"column":27},"end":{"line":14,"column":58}},"12":{"start":{"line":15,"column":6},"end":{"line":15,"column":40}},"13":{"start":{"line":16,"column":6},"end":{"line":19,"column":7}},"14":{"start":{"line":16,"column":29},"end":{"line":16,"column":45}},"15":{"start":{"line":17,"column":28},"end":{"line":17,"column":85}},"16":{"start":{"line":17,"column":51},"end":{"line":17,"column":84}},"17":{"start":{"line":18,"column":8},"end":{"line":18,"column":67}},"18":{"start":{"line":20,"column":6},"end":{"line":20,"column":44}},"19":{"start":{"line":23,"column":4},"end":{"line":23,"column":67}},"20":{"start":{"line":24,"column":4},"end":{"line":24,"column":16}},"21":{"start":{"line":8,"column":13},"end":{"line":8,"column":38}},"22":{"start":{"line":28,"column":33},"end":{"line":52,"column":1}},"23":{"start":{"line":29,"column":2},"end":{"line":51,"column":3}},"24":{"start":{"line":30,"column":29},"end":{"line":30,"column":58}},"25":{"start":{"line":31,"column":4},"end":{"line":33,"column":5}},"26":{"start":{"line":32,"column":6},"end":{"line":32,"column":48}},"27":{"start":{"line":35,"column":24},"end":{"line":45,"column":5}},"28":{"start":{"line":36,"column":6},"end":{"line":44,"column":7}},"29":{"start":{"line":37,"column":28},"end":{"line":37,"column":56}},"30":{"start":{"line":38,"column":8},"end":{"line":41,"column":9}},"31":{"start":{"line":39,"column":10},"end":{"line":39,"column":77}},"32":{"start":{"line":40,"column":10},"end":{"line":40,"column":43}},"33":{"start":{"line":43,"column":8},"end":{"line":43,"column":55}},"34":{"start":{"line":47,"column":4},"end":{"line":47,"column":51}},"35":{"start":{"line":48,"column":4},"end":{"line":48,"column":24}},"36":{"start":{"line":50,"column":4},"end":{"line":50,"column":58}},"37":{"start":{"line":28,"column":13},"end":{"line":28,"column":33}},"38":{"start":{"line":54,"column":43},"end":{"line":67,"column":1}},"39":{"start":{"line":59,"column":17},"end":{"line":59,"column":72}},"40":{"start":{"line":61,"column":2},"end":{"line":66,"column":6}},"41":{"start":{"line":61,"column":30},"end":{"line":66,"column":4}},"42":{"start":{"line":54,"column":13},"end":{"line":54,"column":43}},"43":{"start":{"line":69,"column":29},"end":{"line":72,"column":1}},"44":{"start":{"line":70,"column":19},"end":{"line":70,"column":75}},"45":{"start":{"line":71,"column":2},"end":{"line":71,"column":35}}},"fnMap":{"0":{"name":"(anonymous_1)","decl":{"start":{"line":8,"column":38},"end":{"line":8,"column":43}},"loc":{"start":{"line":8,"column":98},"end":{"line":26,"column":1}}},"1":{"name":"(anonymous_2)","decl":{"start":{"line":17,"column":42},"end":{"line":17,"column":47}},"loc":{"start":{"line":17,"column":51},"end":{"line":17,"column":84}}},"2":{"name":"(anonymous_3)","decl":{"start":{"line":28,"column":33},"end":{"line":28,"column":38}},"loc":{"start":{"line":28,"column":59},"end":{"line":52,"column":1}}},"3":{"name":"(anonymous_4)","decl":{"start":{"line":35,"column":24},"end":{"line":35,"column":29}},"loc":{"start":{"line":35,"column":35},"end":{"line":45,"column":5}}},"4":{"name":"(anonymous_5)","decl":{"start":{"line":54,"column":43},"end":{"line":54,"column":48}},"loc":{"start":{"line":58,"column":41},"end":{"line":67,"column":1}}},"5":{"name":"(anonymous_6)","decl":{"start":{"line":61,"column":20},"end":{"line":61,"column":25}},"loc":{"start":{"line":61,"column":30},"end":{"line":66,"column":4}}},"6":{"name":"(anonymous_7)","decl":{"start":{"line":69,"column":29},"end":{"line":69,"column":34}},"loc":{"start":{"line":69,"column":57},"end":{"line":72,"column":1}}}},"branchMap":{"0":{"loc":{"start":{"line":31,"column":4},"end":{"line":33,"column":5}},"type":"if","locations":[{"start":{"line":31,"column":4},"end":{"line":33,"column":5}}]},"1":{"loc":{"start":{"line":38,"column":8},"end":{"line":41,"column":9}},"type":"if","locations":[{"start":{"line":38,"column":8},"end":{"line":41,"column":9}}]}},"s":{"0":2,"1":2,"2":2,"3":2,"4":2,"5":2,"6":1,"7":1,"8":1,"9":1,"10":1,"11":1,"12":1,"13":1,"14":1,"15":101,"16":101,"17":101,"18":1,"19":0,"20":0,"21":2,"22":2,"23":0,"24":0,"25":0,"26":0,"27":0,"28":0,"29":0,"30":0,"31":0,"32":0,"33":0,"34":0,"35":0,"36":0,"37":2,"38":2,"39":1,"40":1,"41":1,"42":2,"43":2,"44":0,"45":0},"f":{"0":1,"1":101,"2":0,"3":0,"4":1,"5":1,"6":0},"b":{"0":[0],"1":[0]}}
,"/Users/begomarcus/Workspace/challanges/lifi/li-fi-fee-collector/src/modules/fees/index.ts": {"path":"/Users/begomarcus/Workspace/challanges/lifi/li-fi-fee-collector/src/modules/fees/index.ts","statementMap":{"0":{"start":{"line":1,"column":0},"end":{"line":1,"column":33}},"1":{"start":{"line":2,"column":0},"end":{"line":2,"column":59}},"2":{"start":{"line":4,"column":15},"end":{"line":4,"column":23}},"3":{"start":{"line":6,"column":0},"end":{"line":6,"column":42}},"4":{"start":{"line":7,"column":0},"end":{"line":7,"column":45}},"5":{"start":{"line":9,"column":0},"end":{"line":9,"column":22}}},"fnMap":{},"branchMap":{},"s":{"0":1,"1":1,"2":1,"3":1,"4":1,"5":1},"f":{},"b":{}}
,"/Users/begomarcus/Workspace/challanges/lifi/li-fi-fee-collector/src/utils/web3.ts": {"path":"/Users/begomarcus/Workspace/challanges/lifi/li-fi-fee-collector/src/utils/web3.ts","statementMap":{"0":{"start":{"line":1,"column":0},"end":{"line":1,"column":32}},"1":{"start":{"line":2,"column":0},"end":{"line":2,"column":31}},"2":{"start":{"line":10,"column":4},"end":{"line":12,"column":5}},"3":{"start":{"line":11,"column":6},"end":{"line":11,"column":87}},"4":{"start":{"line":13,"column":4},"end":{"line":13,"column":33}},"5":{"start":{"line":17,"column":9},"end":{"line":17,"column":21}}},"fnMap":{"0":{"name":"(anonymous_1)","decl":{"start":{"line":7,"column":2},"end":{"line":7,"column":26}},"loc":{"start":{"line":7,"column":2},"end":{"line":7,"column":27}}},"1":{"name":"(anonymous_2)","decl":{"start":{"line":9,"column":9},"end":{"line":9,"column":15}},"loc":{"start":{"line":9,"column":27},"end":{"line":14,"column":3}}}},"branchMap":{"0":{"loc":{"start":{"line":10,"column":4},"end":{"line":12,"column":5}},"type":"if","locations":[{"start":{"line":10,"column":4},"end":{"line":12,"column":5}}]}},"s":{"0":1,"1":1,"2":1,"3":1,"4":1,"5":1},"f":{"0":0,"1":1},"b":{"0":[1]}}
}
