TN:
SF:src/app.ts
FN:11,(anonymous_1)
FNF:1
FNH:1
FNDA:1,(anonymous_1)
DA:1,1
DA:2,1
DA:3,1
DA:4,1
DA:6,1
DA:8,1
DA:9,1
DA:11,1
DA:12,1
DA:15,1
DA:17,1
LF:11
LH:11
BRF:0
BRH:0
end_of_record
TN:
SF:src/blockchain/blockchain.facade.ts
FN:11,(anonymous_1)
FN:16,(anonymous_2)
FN:21,(anonymous_3)
FNF:3
FNH:2
FNDA:1,(anonymous_1)
FNDA:1,(anonymous_2)
FNDA:0,(anonymous_3)
DA:2,1
DA:3,1
DA:4,1
DA:5,1
DA:12,1
DA:13,1
DA:17,1
DA:18,1
DA:22,0
DA:26,1
LF:10
LH:9
BRF:0
BRH:0
end_of_record
TN:
SF:src/config/index.ts
FNF:0
FNH:0
DA:1,5
DA:3,5
DA:5,5
LF:3
LH:3
BRDA:6,0,0,5
BRDA:6,0,1,0
BRDA:7,1,0,5
BRDA:7,1,1,0
BRDA:8,2,0,5
BRDA:8,2,1,0
BRDA:9,3,0,5
BRDA:9,3,1,0
BRDA:10,4,0,5
BRDA:10,4,1,0
BRDA:11,5,0,5
BRDA:11,5,1,0
BRDA:12,6,0,5
BRDA:12,6,1,0
BRF:14
BRH:7
end_of_record
TN:
SF:src/contracts/fee.collector.factory.ts
FNF:0
FNH:0
DA:1,1
DA:3,1
LF:2
LH:2
BRF:0
BRH:0
end_of_record
TN:
SF:src/database/mongo.adapter.ts
FN:10,(anonymous_1)
FN:12,(anonymous_2)
FN:19,(anonymous_3)
FN:30,(anonymous_4)
FN:37,(anonymous_5)
FNF:5
FNH:5
FNDA:1,(anonymous_1)
FNDA:2,(anonymous_2)
FNDA:1,(anonymous_3)
FNDA:1,(anonymous_4)
FNDA:1,(anonymous_5)
DA:1,1
DA:2,1
DA:3,1
DA:4,1
DA:6,1
DA:8,1
DA:13,2
DA:14,1
DA:16,2
DA:20,1
DA:21,1
DA:22,1
DA:23,1
DA:24,1
DA:26,0
DA:31,1
DA:32,1
DA:33,1
DA:38,1
LF:19
LH:18
BRDA:13,0,0,1
BRDA:19,1,0,0
BRDA:31,2,0,1
BRF:3
BRH:2
end_of_record
TN:
SF:src/modules/index.ts
FNF:0
FNH:0
DA:1,1
DA:2,1
DA:4,1
DA:6,1
DA:8,1
LF:5
LH:5
BRF:0
BRH:0
end_of_record
TN:
SF:src/modules/blocks/blocks.model.ts
FNF:0
FNH:0
DA:1,2
DA:5,2
DA:8,2
DA:11,2
DA:12,2
LF:5
LH:5
BRF:0
BRH:0
end_of_record
TN:
SF:src/modules/blocks/blocks.repository.ts
FN:3,(anonymous_0)
FN:8,(anonymous_1)
FNF:2
FNH:1
FNDA:0,(anonymous_0)
FNDA:101,(anonymous_1)
DA:1,2
DA:3,2
DA:4,0
DA:5,0
DA:8,2
DA:9,101
LF:6
LH:4
BRDA:5,0,0,0
BRDA:5,0,1,0
BRF:2
BRH:0
end_of_record
TN:
SF:src/modules/fees/fees.controller.ts
FN:4,(anonymous_0)
FN:14,(anonymous_1)
FNF:2
FNH:0
FNDA:0,(anonymous_0)
FNDA:0,(anonymous_1)
DA:2,1
DA:4,1
DA:5,0
DA:6,0
DA:7,0
DA:8,0
DA:10,0
DA:14,1
DA:15,0
DA:16,0
DA:17,0
DA:18,0
DA:19,0
DA:21,0
LF:14
LH:3
BRDA:16,0,0,0
BRDA:16,1,0,0
BRF:2
BRH:0
end_of_record
TN:
SF:src/modules/fees/fees.database.facade.ts
FN:5,(anonymous_1)
FN:6,(anonymous_2)
FN:14,(anonymous_3)
FNF:3
FNH:3
FNDA:1,(anonymous_1)
FNDA:1,(anonymous_2)
FNDA:1,(anonymous_3)
DA:1,1
DA:6,1
DA:15,1
DA:19,1
LF:4
LH:4
BRF:0
BRH:0
end_of_record
TN:
SF:src/modules/fees/fees.event.factory.ts
FN:5,(anonymous_0)
FNF:1
FNH:1
FNDA:6,(anonymous_0)
DA:1,2
DA:6,6
DA:7,2
DA:10,4
DA:12,4
DA:13,2
DA:16,2
DA:25,2
LF:8
LH:8
BRDA:6,0,0,2
BRDA:6,1,0,6
BRDA:6,1,1,5
BRDA:12,2,0,2
BRDA:12,3,0,4
BRDA:12,3,1,3
BRF:6
BRH:6
end_of_record
TN:
SF:src/modules/fees/fees.events.ts
FN:6,(anonymous_1)
FN:13,(anonymous_2)
FN:14,(anonymous_3)
FNF:3
FNH:2
FNDA:0,(anonymous_1)
FNDA:1,(anonymous_2)
FNDA:1,(anonymous_3)
DA:1,3
DA:2,3
DA:3,3
DA:6,3
DA:7,0
DA:8,0
DA:9,0
DA:10,0
DA:13,3
DA:14,1
DA:15,1
DA:16,0
DA:19,1
DA:21,1
DA:22,0
DA:25,1
LF:16
LH:10
BRDA:15,0,0,0
BRDA:15,1,0,1
BRDA:15,1,1,1
BRDA:21,2,0,0
BRDA:21,3,0,1
BRDA:21,3,1,1
BRF:6
BRH:4
end_of_record
TN:
SF:src/modules/fees/fees.model.ts
FNF:0
FNH:0
DA:1,5
DA:5,5
DA:8,5
DA:11,5
DA:14,5
DA:17,5
DA:18,5
LF:7
LH:7
BRF:0
BRH:0
end_of_record
TN:
SF:src/modules/fees/fees.repository.ts
FN:5,(anonymous_1)
FN:6,(anonymous_2)
FN:14,(anonymous_3)
FN:22,(anonymous_4)
FNF:4
FNH:4
FNDA:1,(anonymous_1)
FNDA:1,(anonymous_2)
FNDA:2,(anonymous_3)
FNDA:2,(anonymous_4)
DA:1,3
DA:3,3
DA:5,3
DA:6,1
DA:14,3
DA:19,2
DA:20,2
DA:22,2
LF:8
LH:8
BRF:0
BRH:0
end_of_record
TN:
SF:src/modules/fees/fees.service.ts
FN:8,(anonymous_1)
FN:17,(anonymous_2)
FN:28,(anonymous_3)
FN:35,(anonymous_4)
FN:54,(anonymous_5)
FN:61,(anonymous_6)
FN:69,(anonymous_7)
FNF:7
FNH:4
FNDA:1,(anonymous_1)
FNDA:101,(anonymous_2)
FNDA:0,(anonymous_3)
FNDA:0,(anonymous_4)
FNDA:1,(anonymous_5)
FNDA:1,(anonymous_6)
FNDA:0,(anonymous_7)
DA:1,2
DA:2,2
DA:3,2
DA:4,2
DA:5,2
DA:8,2
DA:9,1
DA:10,1
DA:11,1
DA:12,1
DA:13,1
DA:14,1
DA:15,1
DA:16,1
DA:17,101
DA:18,101
DA:20,1
DA:23,0
DA:24,0
DA:28,2
DA:29,0
DA:30,0
DA:31,0
DA:32,0
DA:35,0
DA:36,0
DA:37,0
DA:38,0
DA:39,0
DA:40,0
DA:43,0
DA:47,0
DA:48,0
DA:50,0
DA:54,2
DA:59,1
DA:61,1
DA:69,2
DA:70,0
DA:71,0
LF:40
LH:22
BRDA:31,0,0,0
BRDA:38,1,0,0
BRF:2
BRH:0
end_of_record
TN:
SF:src/modules/fees/index.ts
FNF:0
FNH:0
DA:1,1
DA:2,1
DA:4,1
DA:6,1
DA:7,1
DA:9,1
LF:6
LH:6
BRF:0
BRH:0
end_of_record
TN:
SF:src/utils/web3.ts
FN:7,(anonymous_1)
FN:9,(anonymous_2)
FNF:2
FNH:1
FNDA:0,(anonymous_1)
FNDA:1,(anonymous_2)
DA:1,1
DA:2,1
DA:10,1
DA:11,1
DA:13,1
DA:17,1
LF:6
LH:6
BRDA:10,0,0,1
BRF:1
BRH:1
end_of_record
